2022-11-03 17:59:04,050 INFO  [Log] **************************************************************************************************** 
2022-11-03 17:59:04,166 INFO  [Log] **************************************************************************************************** 
2022-11-03 17:59:04,176 INFO  [Log] -------------------------------------------A101 Final Case------------------------------------------- 
2022-11-03 17:59:04,177 INFO  [Log] **************************************************************************************************** 
2022-11-03 17:59:04,177 INFO  [Log] **************************************************************************************************** 
2022-11-03 17:59:12,072 INFO  [Log] Base page navigated 
2022-11-03 17:59:12,502 INFO  [Log] Cookies accepted 
2022-11-03 17:59:13,023 INFO  [Log] Confirmed that no sign in 
2022-11-03 17:59:13,354 INFO  [Log] Item name entered 
2022-11-03 17:59:34,072 INFO  [Log] Item selected 
2022-11-03 17:59:39,504 INFO  [Log] XXXXXXXXXXXXXXXXXXXXXXX             -E---N---D-             XXXXXXXXXXXXXXXXXXXXXX 
2022-11-03 17:59:39,506 ERROR [Log] Test failed 
2022-11-03 17:59:39,924 ERROR [Log] screenshot was taken 
2022-11-03 18:02:13,915 INFO  [Log] **************************************************************************************************** 
2022-11-03 18:02:13,915 INFO  [Log] **************************************************************************************************** 
2022-11-03 18:02:13,924 INFO  [Log] -------------------------------------------A101 Final Case------------------------------------------- 
2022-11-03 18:02:13,924 INFO  [Log] **************************************************************************************************** 
2022-11-03 18:02:13,924 INFO  [Log] **************************************************************************************************** 
2022-11-03 18:02:20,463 INFO  [Log] Base page navigated 
2022-11-03 18:02:21,030 INFO  [Log] Cookies accepted 
2022-11-03 18:02:21,453 INFO  [Log] Confirmed that no sign in 
2022-11-03 18:02:21,749 INFO  [Log] Item name entered 
2022-11-03 18:02:32,329 INFO  [Log] Item selected 
2022-11-03 18:02:39,320 INFO  [Log] Sellers displayed 
2022-11-03 18:02:45,197 INFO  [Log] Cart page displayed 
2022-11-03 18:02:46,709 INFO  [Log] Confirmed that two item from two diffrent sellers have been added to the cart 
2022-11-03 18:02:46,726 INFO  [Log] XXXXXXXXXXXXXXXXXXXXXXX             -E---N---D-             XXXXXXXXXXXXXXXXXXXXXX 
